<?xml version="1.0" encoding="UTF-8"?>
<!-- Generated by org.testng.reporters.JUnitReportReporter -->
<testsuite hostname="DESKTOP-9Q828V5" failures="0" tests="10" name="tests.LoginTest" time="26.239" errors="0" timestamp="2024-02-26T19:28:31 EST" skipped="0">
  <testcase classname="tests.LoginTest" name="testSuccessfulLogin" time="2.033"/>
  <system-out/>
  <testcase classname="tests.LoginTest" name="testSuccessfulLogin" time="3.755"/>
  <system-out/>
  <testcase classname="tests.LoginTest" name="testLoginWithInvalidCredentials" time="1.899"/>
  <system-out/>
  <testcase classname="tests.LoginTest" name="testSuccessfulLogin" time="1.791"/>
  <system-out/>
  <testcase classname="tests.LoginTest" name="testLoginWithInvalidCredentials" time="2.122"/>
  <system-out/>
  <testcase classname="tests.LoginTest" name="testSuccessfulLogin" time="1.914"/>
  <system-out/>
  <testcase classname="tests.LoginTest" name="testLoginWithInvalidCredentials" time="1.933"/>
  <system-out/>
  <testcase classname="tests.LoginTest" name="testLoginWithInvalidCredentials" time="1.858"/>
  <system-out/>
  <testcase classname="tests.LoginTest" name="testSuccessfulLogin" time="6.969"/>
  <system-out/>
  <testcase classname="tests.LoginTest" name="testSuccessfulLogin" time="1.965"/>
  <system-out/>
</testsuite> <!-- tests.LoginTest -->
