<?xml version="1.0" encoding="UTF-8"?>
<!-- Generated by org.testng.reporters.JUnitReportReporter -->
<testsuite hostname="DESKTOP-9Q828V5" failures="0" tests="3" name="tests.InventoryTest" time="6.635" errors="0" timestamp="2024-02-26T19:28:31 EST" skipped="0">
  <testcase classname="tests.InventoryTest" name="testIfUserIsRedirectedToInventoryPage" time="1.953"/>
  <system-out/>
  <testcase classname="tests.InventoryTest" name="testSortByPriceLowToHigh" time="2.194"/>
  <system-out/>
  <testcase classname="tests.InventoryTest" name="testIfBothItemsAreAddedToCart" time="2.488"/>
  <system-out/>
</testsuite> <!-- tests.InventoryTest -->
