<?xml version="1.0" encoding="UTF-8"?>
<!-- Generated by org.testng.reporters.JUnitReportReporter -->
<testsuite hostname="DESKTOP-9Q828V5" failures="0" tests="3" name="tests.CheckoutStepTwoTest" time="10.620" errors="0" timestamp="2024-02-26T19:28:31 EST" skipped="0">
  <testcase classname="tests.CheckoutStepTwoTest" name="checkIfUserLogoutAfterPlacingOrder" time="3.720"/>
  <system-out/>
  <testcase classname="tests.CheckoutStepTwoTest" name="checkIfPriceAndPaymentMatchesExpectedValueAfterCheckout" time="3.432"/>
  <system-out/>
  <testcase classname="tests.CheckoutStepTwoTest" name="checkIfOrderPlaced" time="3.468"/>
  <system-out/>
</testsuite> <!-- tests.CheckoutStepTwoTest -->
