<?xml version="1.0" encoding="UTF-8"?>
<!-- Generated by org.testng.reporters.JUnitReportReporter -->
<testsuite hostname="DESKTOP-9Q828V5" failures="0" tests="4" name="tests.CheckoutStepOneTest" time="13.967" errors="0" timestamp="2024-02-26T19:28:31 EST" skipped="0">
  <testcase classname="tests.CheckoutStepOneTest" name="checkoutInformationSuccessful" time="3.452"/>
  <system-out/>
  <testcase classname="tests.CheckoutStepOneTest" name="validateFieldsInCheckoutPageStepOne" time="3.593"/>
  <system-out/>
  <testcase classname="tests.CheckoutStepOneTest" name="validateFieldsInCheckoutPageStepOne" time="3.566"/>
  <system-out/>
  <testcase classname="tests.CheckoutStepOneTest" name="validateFieldsInCheckoutPageStepOne" time="3.356"/>
  <system-out/>
</testsuite> <!-- tests.CheckoutStepOneTest -->
